# JRE version: OpenJDK Runtime Environment (21.0.5) (build 21.0.5+-13047016-b750.29)
# Java VM: OpenJDK 64-Bit Server VM (21.0.5+-13047016-b750.29, mixed mode, tiered, compressed oops, compressed class ptrs, g1 gc, windows-amd64)
GC Precious Log:
 CardTable entry size: 512
 Card Set container configuration: InlinePtr #cards 5 size 8 Array Of Cards #cards 12 size 40 Howl #buckets 4 coarsen threshold 1843 Howl Bitmap #cards 512 size 80 coarsen threshold 460 Card regions per heap region 1 cards per card region 2048
 CPUs: 8 total, 8 available
 Memory: 8058M
 Large Page Support: Disabled
 NUMA Support: Disabled
 Compressed Oops: Enabled (32-bit)
 Heap Region Size: 1M
 Heap Min Capacity: 8M
 Heap Initial Capacity: 126M
 Heap Max Capacity: 2G
 Pre-touch: Disabled
 Parallel Workers: 8
 Concurrent Workers: 2
 Concurrent Refinement Workers: 8
 Periodic GC: Disabled
Heap:
 garbage-first heap   total 167936K, used 143718K [0x0000000080000000, 0x0000000100000000)
  region size 1024K, 51 young (52224K), 6 survivors (6144K)
 Metaspace       used 108506K, committed 110656K, reserved 1179648K
  class space    used 14580K, committed 15616K, reserved 1048576K
GC Heap History (20 events):
Event: 29.942 GC heap before
{Heap before GC invocations=33 (full 0):
 garbage-first heap   total 112640K, used 81137K [0x0000000080000000, 0x0000000100000000)
  region size 1024K, 18 young (18432K), 3 survivors (3072K)
 Metaspace       used 81781K, committed 83584K, reserved 1179648K
  class space    used 10818K, committed 11712K, reserved 1048576K
}
Event: 29.948 GC heap after
{Heap after GC invocations=34 (full 0):
 garbage-first heap   total 112640K, used 69894K [0x0000000080000000, 0x0000000100000000)
  region size 1024K, 5 young (5120K), 5 survivors (5120K)
 Metaspace       used 81781K, committed 83584K, reserved 1179648K
  class space    used 10818K, committed 11712K, reserved 1048576K
}
Event: 30.942 GC heap before
{Heap before GC invocations=35 (full 0):
 garbage-first heap   total 126976K, used 103686K [0x0000000080000000, 0x0000000100000000)
  region size 1024K, 33 young (33792K), 5 survivors (5120K)
 Metaspace       used 83224K, committed 84992K, reserved 1179648K
  class space    used 11009K, committed 11904K, reserved 1048576K
}
Event: 30.950 GC heap after
{Heap after GC invocations=36 (full 0):
 garbage-first heap   total 126976K, used 73839K [0x0000000080000000, 0x0000000100000000)
  region size 1024K, 5 young (5120K), 5 survivors (5120K)
 Metaspace       used 83224K, committed 84992K, reserved 1179648K
  class space    used 11009K, committed 11904K, reserved 1048576K
}
Event: 31.945 GC heap before
{Heap before GC invocations=36 (full 0):
 garbage-first heap   total 126976K, used 110703K [0x0000000080000000, 0x0000000100000000)
  region size 1024K, 41 young (41984K), 5 survivors (5120K)
 Metaspace       used 85893K, committed 87744K, reserved 1179648K
  class space    used 11360K, committed 12288K, reserved 1048576K
}
Event: 31.954 GC heap after
{Heap after GC invocations=37 (full 0):
 garbage-first heap   total 152576K, used 75182K [0x0000000080000000, 0x0000000100000000)
  region size 1024K, 3 young (3072K), 3 survivors (3072K)
 Metaspace       used 85893K, committed 87744K, reserved 1179648K
  class space    used 11360K, committed 12288K, reserved 1048576K
}
Event: 33.027 GC heap before
{Heap before GC invocations=37 (full 0):
 garbage-first heap   total 152576K, used 127406K [0x0000000080000000, 0x0000000100000000)
  region size 1024K, 54 young (55296K), 3 survivors (3072K)
 Metaspace       used 87445K, committed 89280K, reserved 1179648K
  class space    used 11551K, committed 12480K, reserved 1048576K
}
Event: 33.034 GC heap after
{Heap after GC invocations=38 (full 0):
 garbage-first heap   total 152576K, used 79046K [0x0000000080000000, 0x0000000100000000)
  region size 1024K, 6 young (6144K), 6 survivors (6144K)
 Metaspace       used 87445K, committed 89280K, reserved 1179648K
  class space    used 11551K, committed 12480K, reserved 1048576K
}
Event: 34.644 GC heap before
{Heap before GC invocations=38 (full 0):
 garbage-first heap   total 152576K, used 130246K [0x0000000080000000, 0x0000000100000000)
  region size 1024K, 56 young (57344K), 6 survivors (6144K)
 Metaspace       used 91412K, committed 93312K, reserved 1179648K
  class space    used 12172K, committed 13120K, reserved 1048576K
}
Event: 34.653 GC heap after
{Heap after GC invocations=39 (full 0):
 garbage-first heap   total 152576K, used 80775K [0x0000000080000000, 0x0000000100000000)
  region size 1024K, 2 young (2048K), 2 survivors (2048K)
 Metaspace       used 91412K, committed 93312K, reserved 1179648K
  class space    used 12172K, committed 13120K, reserved 1048576K
}
Event: 36.313 GC heap before
{Heap before GC invocations=39 (full 0):
 garbage-first heap   total 152576K, used 132999K [0x0000000080000000, 0x0000000100000000)
  region size 1024K, 53 young (54272K), 2 survivors (2048K)
 Metaspace       used 95660K, committed 97664K, reserved 1179648K
  class space    used 12844K, committed 13824K, reserved 1048576K
}
Event: 36.322 GC heap after
{Heap after GC invocations=40 (full 0):
 garbage-first heap   total 152576K, used 83238K [0x0000000080000000, 0x0000000100000000)
  region size 1024K, 5 young (5120K), 5 survivors (5120K)
 Metaspace       used 95660K, committed 97664K, reserved 1179648K
  class space    used 12844K, committed 13824K, reserved 1048576K
}
Event: 38.053 GC heap before
{Heap before GC invocations=41 (full 0):
 garbage-first heap   total 152576K, used 135462K [0x0000000080000000, 0x0000000100000000)
  region size 1024K, 56 young (57344K), 5 survivors (5120K)
 Metaspace       used 99717K, committed 101760K, reserved 1179648K
  class space    used 13506K, committed 14528K, reserved 1048576K
}
Event: 38.064 GC heap after
{Heap after GC invocations=42 (full 0):
 garbage-first heap   total 152576K, used 86159K [0x0000000080000000, 0x0000000100000000)
  region size 1024K, 6 young (6144K), 6 survivors (6144K)
 Metaspace       used 99717K, committed 101760K, reserved 1179648K
  class space    used 13506K, committed 14528K, reserved 1048576K
}
Event: 40.143 GC heap before
{Heap before GC invocations=42 (full 0):
 garbage-first heap   total 152576K, used 136335K [0x0000000080000000, 0x0000000100000000)
  region size 1024K, 56 young (57344K), 6 survivors (6144K)
 Metaspace       used 103759K, committed 105856K, reserved 1179648K
  class space    used 14019K, committed 15040K, reserved 1048576K
}
Event: 40.158 GC heap after
{Heap after GC invocations=43 (full 0):
 garbage-first heap   total 152576K, used 89491K [0x0000000080000000, 0x0000000100000000)
  region size 1024K, 7 young (7168K), 7 survivors (7168K)
 Metaspace       used 103759K, committed 105856K, reserved 1179648K
  class space    used 14019K, committed 15040K, reserved 1048576K
}
Event: 40.742 GC heap before
{Heap before GC invocations=43 (full 0):
 garbage-first heap   total 152576K, used 102803K [0x0000000080000000, 0x0000000100000000)
  region size 1024K, 21 young (21504K), 7 survivors (7168K)
 Metaspace       used 104737K, committed 106752K, reserved 1179648K
  class space    used 14101K, committed 15104K, reserved 1048576K
}
Event: 40.754 GC heap after
{Heap after GC invocations=44 (full 0):
 garbage-first heap   total 152576K, used 94139K [0x0000000080000000, 0x0000000100000000)
  region size 1024K, 5 young (5120K), 5 survivors (5120K)
 Metaspace       used 104737K, committed 106752K, reserved 1179648K
  class space    used 14101K, committed 15104K, reserved 1048576K
}
Event: 42.897 GC heap before
{Heap before GC invocations=45 (full 0):
 garbage-first heap   total 167936K, used 141243K [0x0000000080000000, 0x0000000100000000)
  region size 1024K, 47 young (48128K), 5 survivors (5120K)
 Metaspace       used 108454K, committed 110528K, reserved 1179648K
  class space    used 14578K, committed 15616K, reserved 1048576K
}
Event: 42.908 GC heap after
{Heap after GC invocations=46 (full 0):
 garbage-first heap   total 167936K, used 98662K [0x0000000080000000, 0x0000000100000000)
  region size 1024K, 6 young (6144K), 6 survivors (6144K)
 Metaspace       used 108454K, committed 110528K, reserved 1179648K
  class space    used 14578K, committed 15616K, reserved 1048576K
}

