# JRE version: OpenJDK Runtime Environment (21.0.5) (build 21.0.5+-13047016-b750.29)
# Java VM: OpenJDK 64-Bit Server VM (21.0.5+-13047016-b750.29, mixed mode, tiered, compressed oops, compressed class ptrs, g1 gc, windows-amd64)
GC Precious Log:
 CardTable entry size: 512
 Card Set container configuration: InlinePtr #cards 5 size 8 Array Of Cards #cards 12 size 40 Howl #buckets 4 coarsen threshold 1843 Howl Bitmap #cards 512 size 80 coarsen threshold 460 Card regions per heap region 1 cards per card region 2048
 CPUs: 8 total, 8 available
 Memory: 8058M
 Large Page Support: Disabled
 NUMA Support: Disabled
 Compressed Oops: Enabled (32-bit)
 Heap Region Size: 1M
 Heap Min Capacity: 8M
 Heap Initial Capacity: 126M
 Heap Max Capacity: 2G
 Pre-touch: Disabled
 Parallel Workers: 8
 Concurrent Workers: 2
 Concurrent Refinement Workers: 8
 Periodic GC: Disabled
Heap:
 garbage-first heap   total 274432K, used 239120K [0x0000000080000000, 0x0000000100000000)
  region size 1024K, 80 young (81920K), 12 survivors (12288K)
 Metaspace       used 132617K, committed 134848K, reserved 1179648K
  class space    used 17838K, committed 18944K, reserved 1048576K
GC Heap History (20 events):
Event: 42.713 GC heap before
{Heap before GC invocations=45 (full 0):
 garbage-first heap   total 270336K, used 261455K [0x0000000080000000, 0x0000000100000000)
  region size 1024K, 114 young (116736K), 9 survivors (9216K)
 Metaspace       used 110931K, committed 113088K, reserved 1179648K
  class space    used 14621K, committed 15744K, reserved 1048576K
}
Event: 42.736 GC heap after
{Heap after GC invocations=46 (full 0):
 garbage-first heap   total 274432K, used 138668K [0x0000000080000000, 0x0000000100000000)
  region size 1024K, 9 young (9216K), 9 survivors (9216K)
 Metaspace       used 110931K, committed 113088K, reserved 1179648K
  class space    used 14621K, committed 15744K, reserved 1048576K
}
Event: 42.946 GC heap before
{Heap before GC invocations=46 (full 0):
 garbage-first heap   total 274432K, used 161196K [0x0000000080000000, 0x0000000100000000)
  region size 1024K, 32 young (32768K), 9 survivors (9216K)
 Metaspace       used 111517K, committed 113728K, reserved 1179648K
  class space    used 14673K, committed 15808K, reserved 1048576K
}
Event: 42.969 GC heap after
{Heap after GC invocations=47 (full 0):
 garbage-first heap   total 274432K, used 143445K [0x0000000080000000, 0x0000000100000000)
  region size 1024K, 11 young (11264K), 11 survivors (11264K)
 Metaspace       used 111517K, committed 113728K, reserved 1179648K
  class space    used 14673K, committed 15808K, reserved 1048576K
}
Event: 45.807 GC heap before
{Heap before GC invocations=48 (full 0):
 garbage-first heap   total 274432K, used 249941K [0x0000000080000000, 0x0000000100000000)
  region size 1024K, 111 young (113664K), 11 survivors (11264K)
 Metaspace       used 116991K, committed 119168K, reserved 1179648K
  class space    used 15358K, committed 16448K, reserved 1048576K
}
Event: 45.832 GC heap after
{Heap after GC invocations=49 (full 0):
 garbage-first heap   total 274432K, used 143792K [0x0000000080000000, 0x0000000100000000)
  region size 1024K, 8 young (8192K), 8 survivors (8192K)
 Metaspace       used 116991K, committed 119168K, reserved 1179648K
  class space    used 15358K, committed 16448K, reserved 1048576K
}
Event: 46.923 GC heap before
{Heap before GC invocations=49 (full 0):
 garbage-first heap   total 274432K, used 246192K [0x0000000080000000, 0x0000000100000000)
  region size 1024K, 109 young (111616K), 8 survivors (8192K)
 Metaspace       used 117982K, committed 120192K, reserved 1179648K
  class space    used 15481K, committed 16576K, reserved 1048576K
}
Event: 46.936 GC heap after
{Heap after GC invocations=50 (full 0):
 garbage-first heap   total 274432K, used 134096K [0x0000000080000000, 0x0000000100000000)
  region size 1024K, 10 young (10240K), 10 survivors (10240K)
 Metaspace       used 117982K, committed 120192K, reserved 1179648K
  class space    used 15481K, committed 16576K, reserved 1048576K
}
Event: 47.597 GC heap before
{Heap before GC invocations=50 (full 0):
 garbage-first heap   total 274432K, used 247760K [0x0000000080000000, 0x0000000100000000)
  region size 1024K, 122 young (124928K), 10 survivors (10240K)
 Metaspace       used 118447K, committed 120640K, reserved 1179648K
  class space    used 15526K, committed 16640K, reserved 1048576K
}
Event: 47.611 GC heap after
{Heap after GC invocations=51 (full 0):
 garbage-first heap   total 274432K, used 136141K [0x0000000080000000, 0x0000000100000000)
  region size 1024K, 11 young (11264K), 11 survivors (11264K)
 Metaspace       used 118447K, committed 120640K, reserved 1179648K
  class space    used 15526K, committed 16640K, reserved 1048576K
}
Event: 48.865 GC heap before
{Heap before GC invocations=51 (full 0):
 garbage-first heap   total 274432K, used 246733K [0x0000000080000000, 0x0000000100000000)
  region size 1024K, 120 young (122880K), 11 survivors (11264K)
 Metaspace       used 119687K, committed 121856K, reserved 1179648K
  class space    used 15698K, committed 16768K, reserved 1048576K
}
Event: 48.884 GC heap after
{Heap after GC invocations=52 (full 0):
 garbage-first heap   total 274432K, used 145209K [0x0000000080000000, 0x0000000100000000)
  region size 1024K, 15 young (15360K), 15 survivors (15360K)
 Metaspace       used 119687K, committed 121856K, reserved 1179648K
  class space    used 15698K, committed 16768K, reserved 1048576K
}
Event: 49.040 GC heap before
{Heap before GC invocations=52 (full 0):
 garbage-first heap   total 274432K, used 195385K [0x0000000080000000, 0x0000000100000000)
  region size 1024K, 66 young (67584K), 15 survivors (15360K)
 Metaspace       used 120133K, committed 122304K, reserved 1179648K
  class space    used 15748K, committed 16832K, reserved 1048576K
}
Event: 49.060 GC heap after
{Heap after GC invocations=53 (full 0):
 garbage-first heap   total 274432K, used 152469K [0x0000000080000000, 0x0000000100000000)
  region size 1024K, 7 young (7168K), 7 survivors (7168K)
 Metaspace       used 120133K, committed 122304K, reserved 1179648K
  class space    used 15748K, committed 16832K, reserved 1048576K
}
Event: 51.071 GC heap before
{Heap before GC invocations=54 (full 0):
 garbage-first heap   total 274432K, used 237461K [0x0000000080000000, 0x0000000100000000)
  region size 1024K, 100 young (102400K), 7 survivors (7168K)
 Metaspace       used 125444K, committed 127616K, reserved 1179648K
  class space    used 16568K, committed 17664K, reserved 1048576K
}
Event: 51.105 GC heap after
{Heap after GC invocations=55 (full 0):
 garbage-first heap   total 274432K, used 153780K [0x0000000080000000, 0x0000000100000000)
  region size 1024K, 13 young (13312K), 13 survivors (13312K)
 Metaspace       used 125444K, committed 127616K, reserved 1179648K
  class space    used 16568K, committed 17664K, reserved 1048576K
}
Event: 51.596 GC heap before
{Heap before GC invocations=55 (full 0):
 garbage-first heap   total 274432K, used 242868K [0x0000000080000000, 0x0000000100000000)
  region size 1024K, 101 young (103424K), 13 survivors (13312K)
 Metaspace       used 127819K, committed 129984K, reserved 1179648K
  class space    used 16928K, committed 18048K, reserved 1048576K
}
Event: 51.629 GC heap after
{Heap after GC invocations=56 (full 0):
 garbage-first heap   total 274432K, used 158101K [0x0000000080000000, 0x0000000100000000)
  region size 1024K, 13 young (13312K), 13 survivors (13312K)
 Metaspace       used 127819K, committed 129984K, reserved 1179648K
  class space    used 16928K, committed 18048K, reserved 1048576K
}
Event: 52.080 GC heap before
{Heap before GC invocations=56 (full 0):
 garbage-first heap   total 274432K, used 243093K [0x0000000080000000, 0x0000000100000000)
  region size 1024K, 96 young (98304K), 13 survivors (13312K)
 Metaspace       used 131049K, committed 133248K, reserved 1179648K
  class space    used 17561K, committed 18688K, reserved 1048576K
}
Event: 52.127 GC heap after
{Heap after GC invocations=57 (full 0):
 garbage-first heap   total 274432K, used 172560K [0x0000000080000000, 0x0000000100000000)
  region size 1024K, 12 young (12288K), 12 survivors (12288K)
 Metaspace       used 131049K, committed 133248K, reserved 1179648K
  class space    used 17561K, committed 18688K, reserved 1048576K
}

